{"/Users/rorybroves/Reviews-Module/client/src/index.jsx": {"path":"/Users/rorybroves/Reviews-Module/client/src/index.jsx","statementMap":{"0":{"start":{"line":7,"column":0},"end":{"line":7,"column":21}},"1":{"start":{"line":9,"column":27},"end":{"line":37,"column":1}},"2":{"start":{"line":10,"column":17},"end":{"line":10,"column":19}},"3":{"start":{"line":12,"column":8},"end":{"line":12,"column":35}},"4":{"start":{"line":14,"column":4},"end":{"line":32,"column":7}},"5":{"start":{"line":15,"column":8},"end":{"line":31,"column":9}},"6":{"start":{"line":17,"column":16},"end":{"line":25,"column":13}},"7":{"start":{"line":26,"column":12},"end":{"line":30,"column":13}},"8":{"start":{"line":27,"column":16},"end":{"line":29,"column":17}},"9":{"start":{"line":27,"column":49},"end":{"line":27,"column":74}},"10":{"start":{"line":28,"column":20},"end":{"line":28,"column":46}},"11":{"start":{"line":33,"column":4},"end":{"line":35,"column":5}},"12":{"start":{"line":34,"column":8},"end":{"line":34,"column":57}},"13":{"start":{"line":36,"column":4},"end":{"line":36,"column":18}},"14":{"start":{"line":39,"column":21},"end":{"line":44,"column":1}},"15":{"start":{"line":40,"column":23},"end":{"line":40,"column":46}},"16":{"start":{"line":41,"column":3},"end":{"line":41,"column":70}},"17":{"start":{"line":41,"column":54},"end":{"line":41,"column":68}},"18":{"start":{"line":42,"column":3},"end":{"line":42,"column":41}},"19":{"start":{"line":43,"column":3},"end":{"line":43,"column":31}},"20":{"start":{"line":48,"column":8},"end":{"line":48,"column":21}},"21":{"start":{"line":49,"column":8},"end":{"line":67,"column":9}},"22":{"start":{"line":68,"column":8},"end":{"line":68,"column":61}},"23":{"start":{"line":69,"column":8},"end":{"line":69,"column":65}},"24":{"start":{"line":70,"column":8},"end":{"line":70,"column":65}},"25":{"start":{"line":71,"column":8},"end":{"line":71,"column":63}},"26":{"start":{"line":75,"column":8},"end":{"line":75,"column":27}},"27":{"start":{"line":76,"column":8},"end":{"line":83,"column":10}},"28":{"start":{"line":77,"column":12},"end":{"line":82,"column":15}},"29":{"start":{"line":87,"column":20},"end":{"line":87,"column":34}},"30":{"start":{"line":88,"column":8},"end":{"line":90,"column":10}},"31":{"start":{"line":94,"column":8},"end":{"line":101,"column":9}},"32":{"start":{"line":95,"column":12},"end":{"line":100,"column":14}},"33":{"start":{"line":97,"column":16},"end":{"line":99,"column":18}},"34":{"start":{"line":103,"column":8},"end":{"line":110,"column":9}},"35":{"start":{"line":104,"column":12},"end":{"line":109,"column":14}},"36":{"start":{"line":106,"column":16},"end":{"line":108,"column":18}},"37":{"start":{"line":114,"column":8},"end":{"line":116,"column":10}},"38":{"start":{"line":117,"column":8},"end":{"line":124,"column":11}},"39":{"start":{"line":118,"column":33},"end":{"line":118,"column":72}},"40":{"start":{"line":119,"column":13},"end":{"line":123,"column":15}},"41":{"start":{"line":128,"column":8},"end":{"line":128,"column":30}},"42":{"start":{"line":133,"column":8},"end":{"line":194,"column":9}},"43":{"start":{"line":141,"column":91},"end":{"line":141,"column":115}},"44":{"start":{"line":184,"column":20},"end":{"line":184,"column":158}}},"fnMap":{"0":{"name":"(anonymous_0)","decl":{"start":{"line":9,"column":27},"end":{"line":9,"column":28}},"loc":{"start":{"line":9,"column":37},"end":{"line":37,"column":1}},"line":9},"1":{"name":"roundHalf","decl":{"start":{"line":11,"column":13},"end":{"line":11,"column":22}},"loc":{"start":{"line":11,"column":28},"end":{"line":13,"column":5}},"line":11},"2":{"name":"(anonymous_2)","decl":{"start":{"line":14,"column":19},"end":{"line":14,"column":20}},"loc":{"start":{"line":14,"column":31},"end":{"line":32,"column":5}},"line":14},"3":{"name":"(anonymous_3)","decl":{"start":{"line":39,"column":21},"end":{"line":39,"column":22}},"loc":{"start":{"line":39,"column":29},"end":{"line":44,"column":1}},"line":39},"4":{"name":"(anonymous_4)","decl":{"start":{"line":41,"column":41},"end":{"line":41,"column":42}},"loc":{"start":{"line":41,"column":54},"end":{"line":41,"column":68}},"line":41},"5":{"name":"(anonymous_5)","decl":{"start":{"line":47,"column":4},"end":{"line":47,"column":5}},"loc":{"start":{"line":47,"column":22},"end":{"line":72,"column":5}},"line":47},"6":{"name":"(anonymous_6)","decl":{"start":{"line":74,"column":4},"end":{"line":74,"column":5}},"loc":{"start":{"line":74,"column":23},"end":{"line":84,"column":5}},"line":74},"7":{"name":"(anonymous_7)","decl":{"start":{"line":76,"column":99},"end":{"line":76,"column":100}},"loc":{"start":{"line":76,"column":110},"end":{"line":83,"column":9}},"line":76},"8":{"name":"(anonymous_8)","decl":{"start":{"line":86,"column":4},"end":{"line":86,"column":5}},"loc":{"start":{"line":86,"column":23},"end":{"line":91,"column":5}},"line":86},"9":{"name":"(anonymous_9)","decl":{"start":{"line":93,"column":4},"end":{"line":93,"column":5}},"loc":{"start":{"line":93,"column":27},"end":{"line":111,"column":5}},"line":93},"10":{"name":"(anonymous_10)","decl":{"start":{"line":96,"column":19},"end":{"line":96,"column":20}},"loc":{"start":{"line":96,"column":29},"end":{"line":100,"column":13}},"line":96},"11":{"name":"(anonymous_11)","decl":{"start":{"line":105,"column":19},"end":{"line":105,"column":20}},"loc":{"start":{"line":105,"column":29},"end":{"line":109,"column":13}},"line":105},"12":{"name":"(anonymous_12)","decl":{"start":{"line":113,"column":4},"end":{"line":113,"column":5}},"loc":{"start":{"line":113,"column":20},"end":{"line":125,"column":5}},"line":113},"13":{"name":"(anonymous_13)","decl":{"start":{"line":117,"column":59},"end":{"line":117,"column":60}},"loc":{"start":{"line":117,"column":70},"end":{"line":124,"column":9}},"line":117},"14":{"name":"(anonymous_14)","decl":{"start":{"line":127,"column":4},"end":{"line":127,"column":5}},"loc":{"start":{"line":127,"column":24},"end":{"line":129,"column":5}},"line":127},"15":{"name":"(anonymous_15)","decl":{"start":{"line":132,"column":4},"end":{"line":132,"column":5}},"loc":{"start":{"line":132,"column":13},"end":{"line":195,"column":5}},"line":132},"16":{"name":"(anonymous_16)","decl":{"start":{"line":141,"column":85},"end":{"line":141,"column":86}},"loc":{"start":{"line":141,"column":91},"end":{"line":141,"column":115}},"line":141},"17":{"name":"(anonymous_17)","decl":{"start":{"line":183,"column":40},"end":{"line":183,"column":41}},"loc":{"start":{"line":183,"column":51},"end":{"line":185,"column":17}},"line":183}},"branchMap":{"0":{"loc":{"start":{"line":26,"column":12},"end":{"line":30,"column":13}},"type":"if","locations":[{"start":{"line":26,"column":12},"end":{"line":30,"column":13}},{"start":{"line":26,"column":12},"end":{"line":30,"column":13}}],"line":26},"1":{"loc":{"start":{"line":27,"column":16},"end":{"line":29,"column":17}},"type":"if","locations":[{"start":{"line":27,"column":16},"end":{"line":29,"column":17}},{"start":{"line":27,"column":16},"end":{"line":29,"column":17}}],"line":27},"2":{"loc":{"start":{"line":94,"column":8},"end":{"line":101,"column":9}},"type":"if","locations":[{"start":{"line":94,"column":8},"end":{"line":101,"column":9}},{"start":{"line":94,"column":8},"end":{"line":101,"column":9}}],"line":94},"3":{"loc":{"start":{"line":103,"column":8},"end":{"line":110,"column":9}},"type":"if","locations":[{"start":{"line":103,"column":8},"end":{"line":110,"column":9}},{"start":{"line":103,"column":8},"end":{"line":110,"column":9}}],"line":103},"4":{"loc":{"start":{"line":144,"column":17},"end":{"line":174,"column":26}},"type":"binary-expr","locations":[{"start":{"line":144,"column":17},"end":{"line":144,"column":40}},{"start":{"line":145,"column":20},"end":{"line":174,"column":26}}],"line":144},"5":{"loc":{"start":{"line":176,"column":17},"end":{"line":180,"column":22}},"type":"binary-expr","locations":[{"start":{"line":176,"column":17},"end":{"line":176,"column":39}},{"start":{"line":177,"column":16},"end":{"line":180,"column":22}}],"line":176},"6":{"loc":{"start":{"line":187,"column":17},"end":{"line":188,"column":140}},"type":"binary-expr","locations":[{"start":{"line":187,"column":17},"end":{"line":187,"column":40}},{"start":{"line":188,"column":20},"end":{"line":188,"column":140}}],"line":187},"7":{"loc":{"start":{"line":190,"column":17},"end":{"line":191,"column":133}},"type":"binary-expr","locations":[{"start":{"line":190,"column":17},"end":{"line":190,"column":39}},{"start":{"line":191,"column":20},"end":{"line":191,"column":133}}],"line":190}},"s":{"0":1,"1":1,"2":0,"3":0,"4":0,"5":0,"6":0,"7":0,"8":0,"9":0,"10":0,"11":0,"12":0,"13":0,"14":1,"15":3,"16":3,"17":12,"18":3,"19":3,"20":3,"21":3,"22":3,"23":3,"24":3,"25":3,"26":0,"27":0,"28":0,"29":0,"30":0,"31":0,"32":0,"33":0,"34":0,"35":0,"36":0,"37":3,"38":3,"39":0,"40":0,"41":3,"42":4,"43":0,"44":10},"f":{"0":0,"1":0,"2":0,"3":3,"4":12,"5":3,"6":0,"7":0,"8":0,"9":0,"10":0,"11":0,"12":3,"13":0,"14":3,"15":4,"16":0,"17":10},"b":{"0":[0,0],"1":[0,0],"2":[0,0],"3":[0,0],"4":[4,4],"5":[4,0],"6":[4,4],"7":[4,0]},"_coverageSchema":"43e27e138ebf9cfc5966b082cf9a028302ed4184","hash":"765a55621b90d64231a50511ca0ccf9d5d48edf1"}
,"/Users/rorybroves/Reviews-Module/client/src/main.js": {"path":"/Users/rorybroves/Reviews-Module/client/src/main.js","statementMap":{"0":{"start":{"line":5,"column":0},"end":{"line":5,"column":60}}},"fnMap":{},"branchMap":{},"s":{"0":0},"f":{},"b":{}}
,"/Users/rorybroves/Reviews-Module/client/src/sampleData.js": {"path":"/Users/rorybroves/Reviews-Module/client/src/sampleData.js","statementMap":{"0":{"start":{"line":2,"column":17},"end":{"line":166,"column":1}}},"fnMap":{},"branchMap":{},"s":{"0":1},"f":{},"b":{},"_coverageSchema":"43e27e138ebf9cfc5966b082cf9a028302ed4184","hash":"7f843f3df7a761fda2ac4b8bccab8775092d088a"}
,"/Users/rorybroves/Reviews-Module/client/src/components/PagesOfReviews.jsx": {"path":"/Users/rorybroves/Reviews-Module/client/src/components/PagesOfReviews.jsx","statementMap":{"0":{"start":{"line":5,"column":20},"end":{"line":10,"column":1}},"1":{"start":{"line":12,"column":0},"end":{"line":20,"column":9}},"2":{"start":{"line":23,"column":0},"end":{"line":31,"column":9}},"3":{"start":{"line":35,"column":8},"end":{"line":35,"column":21}},"4":{"start":{"line":36,"column":8},"end":{"line":40,"column":9}},"5":{"start":{"line":42,"column":8},"end":{"line":42,"column":61}},"6":{"start":{"line":43,"column":8},"end":{"line":43,"column":55}},"7":{"start":{"line":44,"column":8},"end":{"line":44,"column":55}},"8":{"start":{"line":48,"column":25},"end":{"line":48,"column":39}},"9":{"start":{"line":49,"column":7},"end":{"line":49,"column":42}},"10":{"start":{"line":50,"column":27},"end":{"line":50,"column":64}},"11":{"start":{"line":51,"column":7},"end":{"line":53,"column":35}},"12":{"start":{"line":52,"column":29},"end":{"line":52,"column":33}},"13":{"start":{"line":53,"column":15},"end":{"line":53,"column":34}},"14":{"start":{"line":54,"column":7},"end":{"line":56,"column":29}},"15":{"start":{"line":55,"column":24},"end":{"line":55,"column":28}},"16":{"start":{"line":56,"column":15},"end":{"line":56,"column":28}},"17":{"start":{"line":57,"column":7},"end":{"line":61,"column":9}},"18":{"start":{"line":65,"column":8},"end":{"line":65,"column":52}},"19":{"start":{"line":66,"column":8},"end":{"line":70,"column":10}},"20":{"start":{"line":74,"column":8},"end":{"line":74,"column":54}},"21":{"start":{"line":75,"column":8},"end":{"line":79,"column":10}},"22":{"start":{"line":83,"column":8},"end":{"line":88,"column":9}},"23":{"start":{"line":84,"column":12},"end":{"line":87,"column":14}},"24":{"start":{"line":92,"column":28},"end":{"line":101,"column":9}},"25":{"start":{"line":93,"column":25},"end":{"line":93,"column":27}},"26":{"start":{"line":94,"column":32},"end":{"line":94,"column":50}},"27":{"start":{"line":95,"column":12},"end":{"line":99,"column":13}},"28":{"start":{"line":95,"column":23},"end":{"line":95,"column":24}},"29":{"start":{"line":96,"column":16},"end":{"line":98,"column":17}},"30":{"start":{"line":100,"column":12},"end":{"line":100,"column":26}},"31":{"start":{"line":103,"column":8},"end":{"line":115,"column":10}},"32":{"start":{"line":109,"column":62},"end":{"line":109,"column":81}}},"fnMap":{"0":{"name":"(anonymous_0)","decl":{"start":{"line":34,"column":4},"end":{"line":34,"column":5}},"loc":{"start":{"line":34,"column":22},"end":{"line":45,"column":5}},"line":34},"1":{"name":"(anonymous_1)","decl":{"start":{"line":47,"column":4},"end":{"line":47,"column":5}},"loc":{"start":{"line":47,"column":18},"end":{"line":62,"column":5}},"line":47},"2":{"name":"(anonymous_2)","decl":{"start":{"line":64,"column":4},"end":{"line":64,"column":5}},"loc":{"start":{"line":64,"column":17},"end":{"line":71,"column":5}},"line":64},"3":{"name":"(anonymous_3)","decl":{"start":{"line":73,"column":4},"end":{"line":73,"column":5}},"loc":{"start":{"line":73,"column":20},"end":{"line":80,"column":5}},"line":73},"4":{"name":"(anonymous_4)","decl":{"start":{"line":82,"column":4},"end":{"line":82,"column":5}},"loc":{"start":{"line":82,"column":24},"end":{"line":89,"column":5}},"line":82},"5":{"name":"(anonymous_5)","decl":{"start":{"line":91,"column":4},"end":{"line":91,"column":5}},"loc":{"start":{"line":91,"column":12},"end":{"line":116,"column":5}},"line":91},"6":{"name":"(anonymous_6)","decl":{"start":{"line":92,"column":28},"end":{"line":92,"column":29}},"loc":{"start":{"line":92,"column":53},"end":{"line":101,"column":9}},"line":92},"7":{"name":"(anonymous_7)","decl":{"start":{"line":109,"column":56},"end":{"line":109,"column":57}},"loc":{"start":{"line":109,"column":61},"end":{"line":109,"column":82}},"line":109}},"branchMap":{"0":{"loc":{"start":{"line":51,"column":7},"end":{"line":53,"column":35}},"type":"if","locations":[{"start":{"line":51,"column":7},"end":{"line":53,"column":35}},{"start":{"line":51,"column":7},"end":{"line":53,"column":35}}],"line":51},"1":{"loc":{"start":{"line":54,"column":7},"end":{"line":56,"column":29}},"type":"if","locations":[{"start":{"line":54,"column":7},"end":{"line":56,"column":29}},{"start":{"line":54,"column":7},"end":{"line":56,"column":29}}],"line":54},"2":{"loc":{"start":{"line":83,"column":8},"end":{"line":88,"column":9}},"type":"if","locations":[{"start":{"line":83,"column":8},"end":{"line":88,"column":9}},{"start":{"line":83,"column":8},"end":{"line":88,"column":9}}],"line":83},"3":{"loc":{"start":{"line":97,"column":28},"end":{"line":97,"column":71}},"type":"cond-expr","locations":[{"start":{"line":97,"column":59},"end":{"line":97,"column":67}},{"start":{"line":97,"column":69},"end":{"line":97,"column":71}}],"line":97},"4":{"loc":{"start":{"line":106,"column":21},"end":{"line":107,"column":92}},"type":"binary-expr","locations":[{"start":{"line":106,"column":21},"end":{"line":106,"column":44}},{"start":{"line":107,"column":24},"end":{"line":107,"column":92}}],"line":106},"5":{"loc":{"start":{"line":110,"column":21},"end":{"line":111,"column":100}},"type":"binary-expr","locations":[{"start":{"line":110,"column":21},"end":{"line":110,"column":38}},{"start":{"line":111,"column":24},"end":{"line":111,"column":100}}],"line":110}},"s":{"0":1,"1":1,"2":1,"3":2,"4":2,"5":2,"6":2,"7":2,"8":0,"9":0,"10":0,"11":0,"12":0,"13":0,"14":0,"15":0,"16":0,"17":0,"18":0,"19":0,"20":0,"21":0,"22":2,"23":2,"24":3,"25":3,"26":3,"27":3,"28":3,"29":5,"30":3,"31":3,"32":0},"f":{"0":2,"1":0,"2":0,"3":0,"4":2,"5":3,"6":3,"7":0},"b":{"0":[0,0],"1":[0,0],"2":[2,0],"3":[3,2],"4":[3,0],"5":[3,0]},"_coverageSchema":"43e27e138ebf9cfc5966b082cf9a028302ed4184","hash":"9ac6b230fc15c17fe426d5e60adc0f5c76f995db"}
,"/Users/rorybroves/Reviews-Module/client/src/components/Reviews.jsx": {"path":"/Users/rorybroves/Reviews-Module/client/src/components/Reviews.jsx","statementMap":{"0":{"start":{"line":4,"column":27},"end":{"line":9,"column":1}},"1":{"start":{"line":5,"column":21},"end":{"line":5,"column":48}},"2":{"start":{"line":6,"column":27},"end":{"line":6,"column":56}},"3":{"start":{"line":7,"column":17},"end":{"line":7,"column":47}},"4":{"start":{"line":8,"column":4},"end":{"line":8,"column":18}},"5":{"start":{"line":13,"column":8},"end":{"line":13,"column":21}},"6":{"start":{"line":14,"column":8},"end":{"line":17,"column":9}},"7":{"start":{"line":21,"column":8},"end":{"line":23,"column":10}},"8":{"start":{"line":24,"column":8},"end":{"line":24,"column":22}},"9":{"start":{"line":28,"column":8},"end":{"line":34,"column":9}},"10":{"start":{"line":29,"column":31},"end":{"line":29,"column":66}},"11":{"start":{"line":30,"column":12},"end":{"line":33,"column":15}},"12":{"start":{"line":40,"column":25},"end":{"line":40,"column":27}},"13":{"start":{"line":41,"column":8},"end":{"line":52,"column":9}},"14":{"start":{"line":42,"column":12},"end":{"line":46,"column":16}},"15":{"start":{"line":45,"column":61},"end":{"line":45,"column":82}},"16":{"start":{"line":48,"column":12},"end":{"line":51,"column":16}},"17":{"start":{"line":53,"column":8},"end":{"line":65,"column":9}}},"fnMap":{"0":{"name":"(anonymous_0)","decl":{"start":{"line":4,"column":27},"end":{"line":4,"column":28}},"loc":{"start":{"line":4,"column":36},"end":{"line":9,"column":1}},"line":4},"1":{"name":"(anonymous_1)","decl":{"start":{"line":12,"column":4},"end":{"line":12,"column":5}},"loc":{"start":{"line":12,"column":22},"end":{"line":18,"column":5}},"line":12},"2":{"name":"(anonymous_2)","decl":{"start":{"line":20,"column":4},"end":{"line":20,"column":5}},"loc":{"start":{"line":20,"column":20},"end":{"line":25,"column":5}},"line":20},"3":{"name":"(anonymous_3)","decl":{"start":{"line":27,"column":4},"end":{"line":27,"column":5}},"loc":{"start":{"line":27,"column":24},"end":{"line":37,"column":5}},"line":27},"4":{"name":"(anonymous_4)","decl":{"start":{"line":39,"column":4},"end":{"line":39,"column":5}},"loc":{"start":{"line":39,"column":14},"end":{"line":66,"column":5}},"line":39},"5":{"name":"(anonymous_5)","decl":{"start":{"line":45,"column":57},"end":{"line":45,"column":58}},"loc":{"start":{"line":45,"column":61},"end":{"line":45,"column":82}},"line":45}},"branchMap":{"0":{"loc":{"start":{"line":28,"column":8},"end":{"line":34,"column":9}},"type":"if","locations":[{"start":{"line":28,"column":8},"end":{"line":34,"column":9}},{"start":{"line":28,"column":8},"end":{"line":34,"column":9}}],"line":28},"1":{"loc":{"start":{"line":41,"column":8},"end":{"line":52,"column":9}},"type":"if","locations":[{"start":{"line":41,"column":8},"end":{"line":52,"column":9}},{"start":{"line":41,"column":8},"end":{"line":52,"column":9}}],"line":41}},"s":{"0":1,"1":5,"2":5,"3":5,"4":5,"5":10,"6":10,"7":0,"8":0,"9":10,"10":5,"11":5,"12":10,"13":10,"14":5,"15":0,"16":5,"17":10},"f":{"0":5,"1":10,"2":0,"3":10,"4":10,"5":0},"b":{"0":[5,5],"1":[5,5]},"_coverageSchema":"43e27e138ebf9cfc5966b082cf9a028302ed4184","hash":"30a524a3abe0872346461ac2dd55f6ea3d113fc7"}
,"/Users/rorybroves/Reviews-Module/client/src/components/Stars.jsx": {"path":"/Users/rorybroves/Reviews-Module/client/src/components/Stars.jsx","statementMap":{"0":{"start":{"line":3,"column":16},"end":{"line":8,"column":1}},"1":{"start":{"line":10,"column":15},"end":{"line":10,"column":291}},"2":{"start":{"line":11,"column":15},"end":{"line":11,"column":429}},"3":{"start":{"line":13,"column":25},"end":{"line":23,"column":1}},"4":{"start":{"line":14,"column":17},"end":{"line":14,"column":19}},"5":{"start":{"line":15,"column":4},"end":{"line":21,"column":5}},"6":{"start":{"line":15,"column":16},"end":{"line":15,"column":22}},"7":{"start":{"line":16,"column":8},"end":{"line":20,"column":9}},"8":{"start":{"line":17,"column":12},"end":{"line":17,"column":477}},"9":{"start":{"line":18,"column":15},"end":{"line":20,"column":9}},"10":{"start":{"line":19,"column":12},"end":{"line":19,"column":338}},"11":{"start":{"line":22,"column":4},"end":{"line":22,"column":17}},"12":{"start":{"line":24,"column":12},"end":{"line":30,"column":1}},"13":{"start":{"line":25,"column":4},"end":{"line":29,"column":5}}},"fnMap":{"0":{"name":"(anonymous_0)","decl":{"start":{"line":13,"column":25},"end":{"line":13,"column":26}},"loc":{"start":{"line":13,"column":37},"end":{"line":23,"column":1}},"line":13},"1":{"name":"(anonymous_1)","decl":{"start":{"line":24,"column":12},"end":{"line":24,"column":13}},"loc":{"start":{"line":24,"column":28},"end":{"line":30,"column":1}},"line":24}},"branchMap":{"0":{"loc":{"start":{"line":16,"column":8},"end":{"line":20,"column":9}},"type":"if","locations":[{"start":{"line":16,"column":8},"end":{"line":20,"column":9}},{"start":{"line":16,"column":8},"end":{"line":20,"column":9}}],"line":16},"1":{"loc":{"start":{"line":18,"column":15},"end":{"line":20,"column":9}},"type":"if","locations":[{"start":{"line":18,"column":15},"end":{"line":20,"column":9}},{"start":{"line":18,"column":15},"end":{"line":20,"column":9}}],"line":18}},"s":{"0":1,"1":1,"2":1,"3":1,"4":21,"5":21,"6":21,"7":105,"8":105,"9":0,"10":0,"11":21,"12":1,"13":21},"f":{"0":21,"1":21},"b":{"0":[105,0],"1":[0,0]},"_coverageSchema":"43e27e138ebf9cfc5966b082cf9a028302ed4184","hash":"f2987ed26a8cac8c486897b73fa03d0d2eea8333"}
}
