TN:
SF:/Users/rorybroves/Reviews-Module/client/src/index.jsx
FN:9,(anonymous_0)
FN:11,roundHalf
FN:14,(anonymous_2)
FN:39,(anonymous_3)
FN:41,(anonymous_4)
FN:47,(anonymous_5)
FN:74,(anonymous_6)
FN:76,(anonymous_7)
FN:86,(anonymous_8)
FN:93,(anonymous_9)
FN:96,(anonymous_10)
FN:105,(anonymous_11)
FN:113,(anonymous_12)
FN:117,(anonymous_13)
FN:127,(anonymous_14)
FN:132,(anonymous_15)
FN:141,(anonymous_16)
FN:183,(anonymous_17)
FNF:18
FNH:7
FNDA:0,(anonymous_0)
FNDA:0,roundHalf
FNDA:0,(anonymous_2)
FNDA:3,(anonymous_3)
FNDA:12,(anonymous_4)
FNDA:3,(anonymous_5)
FNDA:0,(anonymous_6)
FNDA:0,(anonymous_7)
FNDA:0,(anonymous_8)
FNDA:0,(anonymous_9)
FNDA:0,(anonymous_10)
FNDA:0,(anonymous_11)
FNDA:3,(anonymous_12)
FNDA:0,(anonymous_13)
FNDA:3,(anonymous_14)
FNDA:4,(anonymous_15)
FNDA:0,(anonymous_16)
FNDA:10,(anonymous_17)
DA:7,1
DA:9,1
DA:10,0
DA:12,0
DA:14,0
DA:15,0
DA:17,0
DA:26,0
DA:27,0
DA:28,0
DA:33,0
DA:34,0
DA:36,0
DA:39,1
DA:40,3
DA:41,12
DA:42,3
DA:43,3
DA:48,3
DA:49,3
DA:68,3
DA:69,3
DA:70,3
DA:71,3
DA:75,0
DA:76,0
DA:77,0
DA:87,0
DA:88,0
DA:94,0
DA:95,0
DA:97,0
DA:103,0
DA:104,0
DA:106,0
DA:114,3
DA:117,3
DA:118,0
DA:119,0
DA:128,3
DA:133,4
DA:141,0
DA:184,10
LF:43
LH:18
BRDA:26,0,0,0
BRDA:26,0,1,0
BRDA:27,1,0,0
BRDA:27,1,1,0
BRDA:94,2,0,0
BRDA:94,2,1,0
BRDA:103,3,0,0
BRDA:103,3,1,0
BRDA:144,4,0,4
BRDA:144,4,1,4
BRDA:176,5,0,4
BRDA:176,5,1,0
BRDA:187,6,0,4
BRDA:187,6,1,4
BRDA:190,7,0,4
BRDA:190,7,1,0
BRF:16
BRH:6
end_of_record
TN:
SF:/Users/rorybroves/Reviews-Module/client/src/main.js
FNF:0
FNH:0
DA:5,0
LF:1
LH:0
BRF:0
BRH:0
end_of_record
TN:
SF:/Users/rorybroves/Reviews-Module/client/src/sampleData.js
FNF:0
FNH:0
DA:2,1
LF:1
LH:1
BRF:0
BRH:0
end_of_record
TN:
SF:/Users/rorybroves/Reviews-Module/client/src/components/PagesOfReviews.jsx
FN:34,(anonymous_0)
FN:47,(anonymous_1)
FN:64,(anonymous_2)
FN:73,(anonymous_3)
FN:82,(anonymous_4)
FN:91,(anonymous_5)
FN:92,(anonymous_6)
FN:109,(anonymous_7)
FNF:8
FNH:4
FNDA:2,(anonymous_0)
FNDA:0,(anonymous_1)
FNDA:0,(anonymous_2)
FNDA:0,(anonymous_3)
FNDA:2,(anonymous_4)
FNDA:3,(anonymous_5)
FNDA:3,(anonymous_6)
FNDA:0,(anonymous_7)
DA:5,1
DA:12,1
DA:23,1
DA:35,2
DA:36,2
DA:42,2
DA:43,2
DA:44,2
DA:48,0
DA:49,0
DA:50,0
DA:51,0
DA:52,0
DA:53,0
DA:54,0
DA:55,0
DA:56,0
DA:57,0
DA:65,0
DA:66,0
DA:74,0
DA:75,0
DA:83,2
DA:84,2
DA:92,3
DA:93,3
DA:94,3
DA:95,3
DA:96,5
DA:100,3
DA:103,3
DA:109,0
LF:32
LH:17
BRDA:51,0,0,0
BRDA:51,0,1,0
BRDA:54,1,0,0
BRDA:54,1,1,0
BRDA:83,2,0,2
BRDA:83,2,1,0
BRDA:97,3,0,3
BRDA:97,3,1,2
BRDA:106,4,0,3
BRDA:106,4,1,0
BRDA:110,5,0,3
BRDA:110,5,1,0
BRF:12
BRH:5
end_of_record
TN:
SF:/Users/rorybroves/Reviews-Module/client/src/components/Reviews.jsx
FN:4,(anonymous_0)
FN:12,(anonymous_1)
FN:20,(anonymous_2)
FN:27,(anonymous_3)
FN:39,(anonymous_4)
FN:45,(anonymous_5)
FNF:6
FNH:4
FNDA:5,(anonymous_0)
FNDA:10,(anonymous_1)
FNDA:0,(anonymous_2)
FNDA:10,(anonymous_3)
FNDA:10,(anonymous_4)
FNDA:0,(anonymous_5)
DA:4,1
DA:5,5
DA:6,5
DA:7,5
DA:8,5
DA:13,10
DA:14,10
DA:21,0
DA:24,0
DA:28,10
DA:29,5
DA:30,5
DA:40,10
DA:41,10
DA:42,5
DA:45,0
DA:48,5
DA:53,10
LF:18
LH:15
BRDA:28,0,0,5
BRDA:28,0,1,5
BRDA:41,1,0,5
BRDA:41,1,1,5
BRF:4
BRH:4
end_of_record
TN:
SF:/Users/rorybroves/Reviews-Module/client/src/components/Stars.jsx
FN:13,(anonymous_0)
FN:24,(anonymous_1)
FNF:2
FNH:2
FNDA:21,(anonymous_0)
FNDA:21,(anonymous_1)
DA:3,1
DA:10,1
DA:11,1
DA:13,1
DA:14,21
DA:15,21
DA:16,105
DA:17,105
DA:18,0
DA:19,0
DA:22,21
DA:24,1
DA:25,21
LF:13
LH:11
BRDA:16,0,0,105
BRDA:16,0,1,0
BRDA:18,1,0,0
BRDA:18,1,1,0
BRF:4
BRH:1
end_of_record
